Using pre-set license
Built from '6000.0/staging' branch; Version is '6000.0.33f1 (433b0a79340b) revision 4406026'; Using compiler version '193933523'; Build Type 'Release'
OS: 'Windows 11  (10.0.26100) 64bit Core' Language: 'en' Physical Memory: 7930 MB
BatchMode: 1, IsHumanControllingUs: 0, StartBugReporterOnCrash: 0, Is64bit: 1, IsPro: 1

COMMAND LINE ARGUMENTS:
C:\Program Files\Unity\Hub\Editor\6000.0.33f1\Editor\Unity.exe
-adb2
-batchMode
-noUpm
-name
AssetImportWorker0
-projectPath
C:/Users/ellio/Documents/GitHub/Epita/TFU/My project_clone_1
-logFile
Logs/AssetImportWorker0.log
-srvPort
51639
-job-worker-count
3
-background-job-worker-count
8
-gc-helper-count
1
Successfully changed project path to: C:/Users/ellio/Documents/GitHub/Epita/TFU/My project_clone_1
C:/Users/ellio/Documents/GitHub/Epita/TFU/My project_clone_1
[UnityMemory] Configuration Parameters - Can be set up in boot.config
    "memorysetup-bucket-allocator-granularity=16"
    "memorysetup-bucket-allocator-bucket-count=8"
    "memorysetup-bucket-allocator-block-size=33554432"
    "memorysetup-bucket-allocator-block-count=8"
    "memorysetup-main-allocator-block-size=16777216"
    "memorysetup-thread-allocator-block-size=16777216"
    "memorysetup-gfx-main-allocator-block-size=16777216"
    "memorysetup-gfx-thread-allocator-block-size=16777216"
    "memorysetup-cache-allocator-block-size=4194304"
    "memorysetup-typetree-allocator-block-size=2097152"
    "memorysetup-profiler-bucket-allocator-granularity=16"
    "memorysetup-profiler-bucket-allocator-bucket-count=8"
    "memorysetup-profiler-bucket-allocator-block-size=33554432"
    "memorysetup-profiler-bucket-allocator-block-count=8"
    "memorysetup-profiler-allocator-block-size=16777216"
    "memorysetup-profiler-editor-allocator-block-size=1048576"
    "memorysetup-temp-allocator-size-main=16777216"
    "memorysetup-job-temp-allocator-block-size=2097152"
    "memorysetup-job-temp-allocator-block-size-background=1048576"
    "memorysetup-job-temp-allocator-reduction-small-platforms=262144"
    "memorysetup-allocator-temp-initial-block-size-main=262144"
    "memorysetup-allocator-temp-initial-block-size-worker=262144"
    "memorysetup-temp-allocator-size-background-worker=32768"
    "memorysetup-temp-allocator-size-job-worker=262144"
    "memorysetup-temp-allocator-size-preload-manager=33554432"
    "memorysetup-temp-allocator-size-nav-mesh-worker=65536"
    "memorysetup-temp-allocator-size-audio-worker=65536"
    "memorysetup-temp-allocator-size-cloud-worker=32768"
    "memorysetup-temp-allocator-size-gi-baking-worker=262144"
    "memorysetup-temp-allocator-size-gi-baking-worker=262144"
    "memorysetup-temp-allocator-size-gi-baking-worker=262144"
    "memorysetup-temp-allocator-size-gi-baking-worker=262144"
    "memorysetup-temp-allocator-size-gi-baking-worker=262144"
    "memorysetup-temp-allocator-size-gfx=262144"
Player connection [14724]  Target information:

Player connection [14724]  * "[IP] 192.168.1.107 [Port] 0 [Flags] 2 [Guid] 4131965843 [EditorId] 4131965843 [Version] 1048832 [Id] WindowsEditor(7,LAPTOP-I8OGSJFA) [Debug] 1 [PackageName] WindowsEditor [ProjectName] Editor" 

Player connection [14724] Host joined multi-casting on [225.0.0.222:54997]...
Player connection [14724] Host joined alternative multi-casting on [225.0.0.222:34997]...
JobSystem: Creating JobQueue using job-worker-count value 3
[Physics::Module] Initialized fallback backend.
[Physics::Module] Id: 0xdecafbad
Library Redirect Path: Library/
[Physics::Module] Selected backend.
[Physics::Module] Name: PhysX
[Physics::Module] Id: 0xf2b8ea05
[Physics::Module] SDK Version: 4.1.2
[Physics::Module] Integration Version: 1.0.0
[Physics::Module] Threading Mode: Multi-Threaded
Refreshing native plugins compatible for Editor in 40.85 ms, found 4 plugins.
Preloading 0 native plugins for Editor in 0.00 ms.
Initialize engine version: 6000.0.33f1 (433b0a79340b)
[Subsystems] Discovering subsystems at path C:/Program Files/Unity/Hub/Editor/6000.0.33f1/Editor/Data/Resources/UnitySubsystems
[Subsystems] Discovering subsystems at path C:/Users/ellio/Documents/GitHub/Epita/TFU/My project_clone_1/Assets
GfxDevice: creating device client; kGfxThreadingModeNonThreaded
Direct3D:
    Version:  Direct3D 11.0 [level 11.1]
    Renderer: Intel(R) Iris(R) Plus Graphics (ID=0x8a52)
    Vendor:   Intel
    VRAM:     3965 MB
    Driver:   30.0.100.9805
Initialize mono
Mono path[0] = 'C:/Program Files/Unity/Hub/Editor/6000.0.33f1/Editor/Data/Managed'
Mono path[1] = 'C:/Program Files/Unity/Hub/Editor/6000.0.33f1/Editor/Data/MonoBleedingEdge/lib/mono/unityjit-win32'
Mono config path = 'C:/Program Files/Unity/Hub/Editor/6000.0.33f1/Editor/Data/MonoBleedingEdge/etc'
Using monoOptions --debugger-agent=transport=dt_socket,embedding=1,server=y,suspend=n,address=127.0.0.1:56068
Begin MonoManager ReloadAssembly
Registering precompiled unity dll's ...
Register platform support module: C:/Program Files/Unity/Hub/Editor/6000.0.33f1/Editor/Data/PlaybackEngines/WindowsStandaloneSupport/UnityEditor.WindowsStandalone.Extensions.dll
Registered in 0.010658 seconds.
- Loaded All Assemblies, in  2.133 seconds
Native extension for WindowsStandalone target not found
Mono: successfully reloaded assembly
- Finished resetting the current domain, in  1.570 seconds
Domain Reload Profiling: 3697ms
	BeginReloadAssembly (689ms)
		ExecutionOrderSort (0ms)
		DisableScriptedObjects (0ms)
		BackupInstance (0ms)
		ReleaseScriptingObjects (0ms)
		CreateAndSetChildDomain (4ms)
	RebuildCommonClasses (223ms)
	RebuildNativeTypeToScriptingClass (46ms)
	initialDomainReloadingComplete (260ms)
	LoadAllAssembliesAndSetupDomain (904ms)
		LoadAssemblies (678ms)
		RebuildTransferFunctionScriptingTraits (0ms)
		AnalyzeDomain (891ms)
			TypeCache.Refresh (884ms)
				TypeCache.ScanAssembly (813ms)
			BuildScriptInfoCaches (0ms)
			ResolveRequiredComponents (1ms)
	FinalizeReload (1575ms)
		ReleaseScriptCaches (0ms)
		RebuildScriptCaches (0ms)
		SetupLoadedEditorAssemblies (1239ms)
			LogAssemblyErrors (0ms)
			InitializePlatformSupportModulesInManaged (177ms)
			SetLoadedEditorAssemblies (42ms)
			BeforeProcessingInitializeOnLoad (206ms)
			ProcessInitializeOnLoadAttributes (526ms)
			ProcessInitializeOnLoadMethodAttributes (287ms)
			AfterProcessingInitializeOnLoad (0ms)
			EditorAssembliesLoaded (0ms)
		ExecutionOrderSort2 (0ms)
		AwakeInstancesAfterBackupRestoration (0ms)
========================================================================
Worker process is ready to serve import requests
Import Worker Mode flag is 0x00
Begin MonoManager ReloadAssembly
- Loaded All Assemblies, in  4.511 seconds
Refreshing native plugins compatible for Editor in 7.75 ms, found 4 plugins.
Native extension for WindowsStandalone target not found
Mono: successfully reloaded assembly
- Finished resetting the current domain, in  4.029 seconds
Domain Reload Profiling: 8526ms
	BeginReloadAssembly (1091ms)
		ExecutionOrderSort (0ms)
		DisableScriptedObjects (25ms)
		BackupInstance (0ms)
		ReleaseScriptingObjects (0ms)
		CreateAndSetChildDomain (117ms)
	RebuildCommonClasses (130ms)
	RebuildNativeTypeToScriptingClass (32ms)
	initialDomainReloadingComplete (185ms)
	LoadAllAssembliesAndSetupDomain (3057ms)
		LoadAssemblies (2431ms)
		RebuildTransferFunctionScriptingTraits (0ms)
		AnalyzeDomain (1453ms)
			TypeCache.Refresh (1072ms)
				TypeCache.ScanAssembly (994ms)
			BuildScriptInfoCaches (333ms)
			ResolveRequiredComponents (39ms)
	FinalizeReload (4032ms)
		ReleaseScriptCaches (0ms)
		RebuildScriptCaches (0ms)
		SetupLoadedEditorAssemblies (3195ms)
			LogAssemblyErrors (0ms)
			InitializePlatformSupportModulesInManaged (9ms)
			SetLoadedEditorAssemblies (14ms)
			BeforeProcessingInitializeOnLoad (599ms)
			ProcessInitializeOnLoadAttributes (1884ms)
			ProcessInitializeOnLoadMethodAttributes (666ms)
			AfterProcessingInitializeOnLoad (20ms)
			EditorAssembliesLoaded (3ms)
		ExecutionOrderSort2 (0ms)
		AwakeInstancesAfterBackupRestoration (23ms)
Launched and connected shader compiler UnityShaderCompiler.exe after 0.08 seconds
Refreshing native plugins compatible for Editor in 29.84 ms, found 4 plugins.
Preloading 0 native plugins for Editor in 0.00 ms.
Unloading 220 Unused Serialized files (Serialized files now loaded: 0)
Unloading 6981 unused Assets / (4.6 MB). Loaded Objects now: 7673.
Memory consumption went from 175.2 MB to 170.6 MB.
Total: 41.828200 ms (FindLiveObjects: 4.558700 ms CreateObjectMapping: 3.352300 ms MarkObjects: 22.764800 ms  DeleteObjects: 11.147000 ms)

========================================================================
Received Import Request.
  Time since last request: 71884.093767 seconds.
  path: Assets/Player.prefab
  artifactKey: Guid(0e26a231810d396458d945ed4b83c9de) Importer(815301076,1909f56bfc062723c751e8b465ee728b)
Start importing Assets/Player.prefab using Guid(0e26a231810d396458d945ed4b83c9de) Importer(815301076,1909f56bfc062723c751e8b465ee728b) (PreviewImporter) -> (artifact id: 'a46ec538aa052531416e7fa716b5817d') in 2.5215964 seconds
Number of updated asset objects reloaded before import = 0Number of asset objects unloaded after import = 21

========================================================================
Received Prepare
Begin MonoManager ReloadAssembly
- Loaded All Assemblies, in  9.578 seconds
Refreshing native plugins compatible for Editor in 19.13 ms, found 4 plugins.
Native extension for WindowsStandalone target not found
Mono: successfully reloaded assembly
- Finished resetting the current domain, in  8.853 seconds
Domain Reload Profiling: 18382ms
	BeginReloadAssembly (2214ms)
		ExecutionOrderSort (0ms)
		DisableScriptedObjects (229ms)
		BackupInstance (0ms)
		ReleaseScriptingObjects (3ms)
		CreateAndSetChildDomain (690ms)
	RebuildCommonClasses (261ms)
	RebuildNativeTypeToScriptingClass (78ms)
	initialDomainReloadingComplete (234ms)
	LoadAllAssembliesAndSetupDomain (6739ms)
		LoadAssemblies (4060ms)
		RebuildTransferFunctionScriptingTraits (0ms)
		AnalyzeDomain (3707ms)
			TypeCache.Refresh (80ms)
				TypeCache.ScanAssembly (0ms)
			BuildScriptInfoCaches (3357ms)
			ResolveRequiredComponents (106ms)
	FinalizeReload (8857ms)
		ReleaseScriptCaches (0ms)
		RebuildScriptCaches (0ms)
		SetupLoadedEditorAssemblies (6968ms)
			LogAssemblyErrors (0ms)
			InitializePlatformSupportModulesInManaged (21ms)
			SetLoadedEditorAssemblies (31ms)
			BeforeProcessingInitializeOnLoad (1448ms)
			ProcessInitializeOnLoadAttributes (4178ms)
			ProcessInitializeOnLoadMethodAttributes (1196ms)
			AfterProcessingInitializeOnLoad (90ms)
			EditorAssembliesLoaded (4ms)
		ExecutionOrderSort2 (0ms)
		AwakeInstancesAfterBackupRestoration (145ms)
Refreshing native plugins compatible for Editor in 78.15 ms, found 4 plugins.
Preloading 0 native plugins for Editor in 0.00 ms.
Unloading 13 Unused Serialized files (Serialized files now loaded: 0)
Unloading 6979 unused Assets / (8.6 MB). Loaded Objects now: 7710.
Memory consumption went from 150.1 MB to 141.4 MB.
Total: 312.879800 ms (FindLiveObjects: 49.707600 ms CreateObjectMapping: 24.552300 ms MarkObjects: 115.717800 ms  DeleteObjects: 122.897500 ms)

Prepare: number of updated asset objects reloaded= 0
========================================================================
Received Prepare
Begin MonoManager ReloadAssembly
- Loaded All Assemblies, in 11.197 seconds
Refreshing native plugins compatible for Editor in 7.78 ms, found 4 plugins.
Native extension for WindowsStandalone target not found
Mono: successfully reloaded assembly
- Finished resetting the current domain, in  3.191 seconds
Domain Reload Profiling: 14386ms
	BeginReloadAssembly (6039ms)
		ExecutionOrderSort (17ms)
		DisableScriptedObjects (2127ms)
		BackupInstance (0ms)
		ReleaseScriptingObjects (30ms)
		CreateAndSetChildDomain (1602ms)
	RebuildCommonClasses (110ms)
	RebuildNativeTypeToScriptingClass (55ms)
	initialDomainReloadingComplete (158ms)
	LoadAllAssembliesAndSetupDomain (4832ms)
		LoadAssemblies (2806ms)
		RebuildTransferFunctionScriptingTraits (0ms)
		AnalyzeDomain (2450ms)
			TypeCache.Refresh (110ms)
				TypeCache.ScanAssembly (3ms)
			BuildScriptInfoCaches (2269ms)
			ResolveRequiredComponents (35ms)
	FinalizeReload (3192ms)
		ReleaseScriptCaches (0ms)
		RebuildScriptCaches (0ms)
		SetupLoadedEditorAssemblies (2328ms)
			LogAssemblyErrors (0ms)
			InitializePlatformSupportModulesInManaged (7ms)
			SetLoadedEditorAssemblies (16ms)
			BeforeProcessingInitializeOnLoad (563ms)
			ProcessInitializeOnLoadAttributes (1515ms)
			ProcessInitializeOnLoadMethodAttributes (212ms)
			AfterProcessingInitializeOnLoad (14ms)
			EditorAssembliesLoaded (2ms)
		ExecutionOrderSort2 (0ms)
		AwakeInstancesAfterBackupRestoration (31ms)
Refreshing native plugins compatible for Editor in 15.05 ms, found 4 plugins.
Preloading 0 native plugins for Editor in 0.00 ms.
Unloading 13 Unused Serialized files (Serialized files now loaded: 0)
Unloading 6980 unused Assets / (4.9 MB). Loaded Objects now: 7713.
Memory consumption went from 149.9 MB to 145.0 MB.
Total: 79.945000 ms (FindLiveObjects: 12.459800 ms CreateObjectMapping: 10.300900 ms MarkObjects: 38.605800 ms  DeleteObjects: 18.572700 ms)

Prepare: number of updated asset objects reloaded= 0
========================================================================
Received Import Request.
  Time since last request: 611.017214 seconds.
  path: Assets/DefaultNetworkPrefabs.asset
  artifactKey: Guid(d6b21864ee71b284980d08bdffbe0321) Importer(815301076,1909f56bfc062723c751e8b465ee728b)
Start importing Assets/DefaultNetworkPrefabs.asset using Guid(d6b21864ee71b284980d08bdffbe0321) Importer(815301076,1909f56bfc062723c751e8b465ee728b) (PreviewImporter) -> (artifact id: '8d817fcf481da291d0977ceac1d08956') in 2.9260697 seconds
Number of updated asset objects reloaded before import = 0Number of asset objects unloaded after import = 22

========================================================================
Received Prepare
Begin MonoManager ReloadAssembly
- Loaded All Assemblies, in 32.011 seconds
Refreshing native plugins compatible for Editor in 32.65 ms, found 4 plugins.
Native extension for WindowsStandalone target not found
Mono: successfully reloaded assembly
- Finished resetting the current domain, in 11.065 seconds
Domain Reload Profiling: 44601ms
	BeginReloadAssembly (7788ms)
		ExecutionOrderSort (0ms)
		DisableScriptedObjects (677ms)
		BackupInstance (0ms)
		ReleaseScriptingObjects (14ms)
		CreateAndSetChildDomain (3175ms)
	RebuildCommonClasses (1006ms)
	RebuildNativeTypeToScriptingClass (128ms)
	initialDomainReloadingComplete (391ms)
	LoadAllAssembliesAndSetupDomain (24221ms)
		LoadAssemblies (12235ms)
		RebuildTransferFunctionScriptingTraits (0ms)
		AnalyzeDomain (13374ms)
			TypeCache.Refresh (165ms)
				TypeCache.ScanAssembly (0ms)
			BuildScriptInfoCaches (8081ms)
			ResolveRequiredComponents (837ms)
	FinalizeReload (11066ms)
		ReleaseScriptCaches (0ms)
		RebuildScriptCaches (0ms)
		SetupLoadedEditorAssemblies (8560ms)
			LogAssemblyErrors (0ms)
			InitializePlatformSupportModulesInManaged (29ms)
			SetLoadedEditorAssemblies (61ms)
			BeforeProcessingInitializeOnLoad (2076ms)
			ProcessInitializeOnLoadAttributes (5222ms)
			ProcessInitializeOnLoadMethodAttributes (1121ms)
			AfterProcessingInitializeOnLoad (48ms)
			EditorAssembliesLoaded (3ms)
		ExecutionOrderSort2 (1ms)
		AwakeInstancesAfterBackupRestoration (105ms)
Refreshing native plugins compatible for Editor in 91.13 ms, found 4 plugins.
Preloading 0 native plugins for Editor in 0.00 ms.
Unloading 13 Unused Serialized files (Serialized files now loaded: 0)
Unloading 6980 unused Assets / (6.1 MB). Loaded Objects now: 7715.
Memory consumption went from 149.9 MB to 143.8 MB.
Total: 142.812100 ms (FindLiveObjects: 29.125500 ms CreateObjectMapping: 8.389500 ms MarkObjects: 70.063400 ms  DeleteObjects: 35.231000 ms)

Prepare: number of updated asset objects reloaded= 0
========================================================================
Received Prepare
Begin MonoManager ReloadAssembly
- Loaded All Assemblies, in  9.887 seconds
Refreshing native plugins compatible for Editor in 32.18 ms, found 4 plugins.
Native extension for WindowsStandalone target not found
Mono: successfully reloaded assembly
- Finished resetting the current domain, in  8.473 seconds
Domain Reload Profiling: 18462ms
	BeginReloadAssembly (2568ms)
		ExecutionOrderSort (1ms)
		DisableScriptedObjects (335ms)
		BackupInstance (0ms)
		ReleaseScriptingObjects (6ms)
		CreateAndSetChildDomain (849ms)
	RebuildCommonClasses (248ms)
	RebuildNativeTypeToScriptingClass (63ms)
	initialDomainReloadingComplete (197ms)
	LoadAllAssembliesAndSetupDomain (6911ms)
		LoadAssemblies (4260ms)
		RebuildTransferFunctionScriptingTraits (0ms)
		AnalyzeDomain (3484ms)
			TypeCache.Refresh (82ms)
				TypeCache.ScanAssembly (0ms)
			BuildScriptInfoCaches (2901ms)
			ResolveRequiredComponents (242ms)
	FinalizeReload (8475ms)
		ReleaseScriptCaches (0ms)
		RebuildScriptCaches (0ms)
		SetupLoadedEditorAssemblies (6954ms)
			LogAssemblyErrors (0ms)
			InitializePlatformSupportModulesInManaged (14ms)
			SetLoadedEditorAssemblies (26ms)
			BeforeProcessingInitializeOnLoad (1271ms)
			ProcessInitializeOnLoadAttributes (4576ms)
			ProcessInitializeOnLoadMethodAttributes (972ms)
			AfterProcessingInitializeOnLoad (89ms)
			EditorAssembliesLoaded (4ms)
		ExecutionOrderSort2 (0ms)
		AwakeInstancesAfterBackupRestoration (141ms)
Refreshing native plugins compatible for Editor in 65.34 ms, found 4 plugins.
Preloading 0 native plugins for Editor in 0.00 ms.
Unloading 13 Unused Serialized files (Serialized files now loaded: 0)
Unloading 6980 unused Assets / (7.2 MB). Loaded Objects now: 7717.
Memory consumption went from 149.9 MB to 142.7 MB.
Total: 149.015100 ms (FindLiveObjects: 8.974600 ms CreateObjectMapping: 13.619700 ms MarkObjects: 68.389700 ms  DeleteObjects: 58.021900 ms)

Prepare: number of updated asset objects reloaded= 0
========================================================================
Received Prepare
Begin MonoManager ReloadAssembly
- Loaded All Assemblies, in  6.926 seconds
Refreshing native plugins compatible for Editor in 26.61 ms, found 4 plugins.
Native extension for WindowsStandalone target not found
Mono: successfully reloaded assembly
- Finished resetting the current domain, in  6.800 seconds
Domain Reload Profiling: 13745ms
	BeginReloadAssembly (1398ms)
		ExecutionOrderSort (0ms)
		DisableScriptedObjects (94ms)
		BackupInstance (0ms)
		ReleaseScriptingObjects (1ms)
		CreateAndSetChildDomain (360ms)
	RebuildCommonClasses (233ms)
	RebuildNativeTypeToScriptingClass (77ms)
	initialDomainReloadingComplete (190ms)
	LoadAllAssembliesAndSetupDomain (5046ms)
		LoadAssemblies (3063ms)
		RebuildTransferFunctionScriptingTraits (0ms)
		AnalyzeDomain (2673ms)
			TypeCache.Refresh (60ms)
				TypeCache.ScanAssembly (0ms)
			BuildScriptInfoCaches (2464ms)
			ResolveRequiredComponents (118ms)
	FinalizeReload (6801ms)
		ReleaseScriptCaches (0ms)
		RebuildScriptCaches (0ms)
		SetupLoadedEditorAssemblies (4755ms)
			LogAssemblyErrors (0ms)
			InitializePlatformSupportModulesInManaged (22ms)
			SetLoadedEditorAssemblies (23ms)
			BeforeProcessingInitializeOnLoad (1017ms)
			ProcessInitializeOnLoadAttributes (2832ms)
			ProcessInitializeOnLoadMethodAttributes (774ms)
			AfterProcessingInitializeOnLoad (83ms)
			EditorAssembliesLoaded (4ms)
		ExecutionOrderSort2 (0ms)
		AwakeInstancesAfterBackupRestoration (115ms)
Refreshing native plugins compatible for Editor in 71.68 ms, found 4 plugins.
Preloading 0 native plugins for Editor in 0.00 ms.
Unloading 13 Unused Serialized files (Serialized files now loaded: 0)
Unloading 6980 unused Assets / (9.1 MB). Loaded Objects now: 7719.
Memory consumption went from 149.9 MB to 140.8 MB.
Total: 199.963500 ms (FindLiveObjects: 30.499900 ms CreateObjectMapping: 18.483800 ms MarkObjects: 73.582700 ms  DeleteObjects: 77.391500 ms)

Prepare: number of updated asset objects reloaded= 0
========================================================================
Received Prepare
Begin MonoManager ReloadAssembly
- Loaded All Assemblies, in 11.695 seconds
Refreshing native plugins compatible for Editor in 10.30 ms, found 4 plugins.
Native extension for WindowsStandalone target not found
Mono: successfully reloaded assembly
- Finished resetting the current domain, in  5.528 seconds
Domain Reload Profiling: 17209ms
	BeginReloadAssembly (3985ms)
		ExecutionOrderSort (1ms)
		DisableScriptedObjects (1059ms)
		BackupInstance (0ms)
		ReleaseScriptingObjects (7ms)
		CreateAndSetChildDomain (1008ms)
	RebuildCommonClasses (230ms)
	RebuildNativeTypeToScriptingClass (70ms)
	initialDomainReloadingComplete (196ms)
	LoadAllAssembliesAndSetupDomain (7198ms)
		LoadAssemblies (6324ms)
		RebuildTransferFunctionScriptingTraits (0ms)
		AnalyzeDomain (1886ms)
			TypeCache.Refresh (362ms)
				TypeCache.ScanAssembly (28ms)
			BuildScriptInfoCaches (1440ms)
			ResolveRequiredComponents (52ms)
	FinalizeReload (5531ms)
		ReleaseScriptCaches (0ms)
		RebuildScriptCaches (0ms)
		SetupLoadedEditorAssemblies (4378ms)
			LogAssemblyErrors (0ms)
			InitializePlatformSupportModulesInManaged (15ms)
			SetLoadedEditorAssemblies (20ms)
			BeforeProcessingInitializeOnLoad (826ms)
			ProcessInitializeOnLoadAttributes (2853ms)
			ProcessInitializeOnLoadMethodAttributes (621ms)
			AfterProcessingInitializeOnLoad (41ms)
			EditorAssembliesLoaded (2ms)
		ExecutionOrderSort2 (0ms)
		AwakeInstancesAfterBackupRestoration (88ms)
Refreshing native plugins compatible for Editor in 16.46 ms, found 4 plugins.
Preloading 0 native plugins for Editor in 0.00 ms.
Unloading 13 Unused Serialized files (Serialized files now loaded: 0)
Unloading 6980 unused Assets / (4.5 MB). Loaded Objects now: 7721.
Memory consumption went from 149.9 MB to 145.4 MB.
Total: 51.924100 ms (FindLiveObjects: 5.425800 ms CreateObjectMapping: 5.240000 ms MarkObjects: 25.731000 ms  DeleteObjects: 15.522900 ms)

Prepare: number of updated asset objects reloaded= 0
========================================================================
Received Import Request.
  Time since last request: 1261.431334 seconds.
  path: Assets/Player.prefab
  artifactKey: Guid(0e26a231810d396458d945ed4b83c9de) Importer(815301076,1909f56bfc062723c751e8b465ee728b)
Start importing Assets/Player.prefab using Guid(0e26a231810d396458d945ed4b83c9de) Importer(815301076,1909f56bfc062723c751e8b465ee728b) (PreviewImporter) -> (artifact id: '0d9124d35817a7b1ff971825a740eab0') in 2.8827005 seconds
Number of updated asset objects reloaded before import = 0Number of asset objects unloaded after import = 22

========================================================================
Received Prepare
Begin MonoManager ReloadAssembly
- Loaded All Assemblies, in 18.149 seconds
Refreshing native plugins compatible for Editor in 20.33 ms, found 4 plugins.
Native extension for WindowsStandalone target not found
Mono: successfully reloaded assembly
- Finished resetting the current domain, in  5.476 seconds
Domain Reload Profiling: 23618ms
	BeginReloadAssembly (10406ms)
		ExecutionOrderSort (3ms)
		DisableScriptedObjects (1919ms)
		BackupInstance (0ms)
		ReleaseScriptingObjects (12ms)
		CreateAndSetChildDomain (5497ms)
	RebuildCommonClasses (278ms)
	RebuildNativeTypeToScriptingClass (55ms)
	initialDomainReloadingComplete (215ms)
	LoadAllAssembliesAndSetupDomain (7186ms)
		LoadAssemblies (5958ms)
		RebuildTransferFunctionScriptingTraits (0ms)
		AnalyzeDomain (2862ms)
			TypeCache.Refresh (189ms)
				TypeCache.ScanAssembly (10ms)
			BuildScriptInfoCaches (2579ms)
			ResolveRequiredComponents (60ms)
	FinalizeReload (5478ms)
		ReleaseScriptCaches (0ms)
		RebuildScriptCaches (0ms)
		SetupLoadedEditorAssemblies (3968ms)
			LogAssemblyErrors (0ms)
			InitializePlatformSupportModulesInManaged (15ms)
			SetLoadedEditorAssemblies (24ms)
			BeforeProcessingInitializeOnLoad (751ms)
			ProcessInitializeOnLoadAttributes (2598ms)
			ProcessInitializeOnLoadMethodAttributes (539ms)
			AfterProcessingInitializeOnLoad (40ms)
			EditorAssembliesLoaded (1ms)
		ExecutionOrderSort2 (0ms)
		AwakeInstancesAfterBackupRestoration (214ms)
Refreshing native plugins compatible for Editor in 57.30 ms, found 4 plugins.
Preloading 0 native plugins for Editor in 0.00 ms.
Unloading 13 Unused Serialized files (Serialized files now loaded: 0)
Unloading 6981 unused Assets / (4.5 MB). Loaded Objects now: 7746.
Memory consumption went from 151.7 MB to 147.2 MB.
Total: 82.595900 ms (FindLiveObjects: 11.577800 ms CreateObjectMapping: 3.406700 ms MarkObjects: 41.108500 ms  DeleteObjects: 26.498300 ms)

Prepare: number of updated asset objects reloaded= 0
========================================================================
Received Prepare
Begin MonoManager ReloadAssembly
- Loaded All Assemblies, in  5.822 seconds
Refreshing native plugins compatible for Editor in 33.03 ms, found 4 plugins.
Native extension for WindowsStandalone target not found
Mono: successfully reloaded assembly
- Finished resetting the current domain, in  7.768 seconds
Domain Reload Profiling: 13592ms
	BeginReloadAssembly (959ms)
		ExecutionOrderSort (0ms)
		DisableScriptedObjects (81ms)
		BackupInstance (0ms)
		ReleaseScriptingObjects (0ms)
		CreateAndSetChildDomain (247ms)
	RebuildCommonClasses (230ms)
	RebuildNativeTypeToScriptingClass (67ms)
	initialDomainReloadingComplete (169ms)
	LoadAllAssembliesAndSetupDomain (4396ms)
		LoadAssemblies (2690ms)
		RebuildTransferFunctionScriptingTraits (0ms)
		AnalyzeDomain (2118ms)
			TypeCache.Refresh (50ms)
				TypeCache.ScanAssembly (0ms)
			BuildScriptInfoCaches (1890ms)
			ResolveRequiredComponents (148ms)
	FinalizeReload (7771ms)
		ReleaseScriptCaches (0ms)
		RebuildScriptCaches (0ms)
		SetupLoadedEditorAssemblies (5613ms)
			LogAssemblyErrors (0ms)
			InitializePlatformSupportModulesInManaged (22ms)
			SetLoadedEditorAssemblies (39ms)
			BeforeProcessingInitializeOnLoad (1193ms)
			ProcessInitializeOnLoadAttributes (3395ms)
			ProcessInitializeOnLoadMethodAttributes (881ms)
			AfterProcessingInitializeOnLoad (82ms)
			EditorAssembliesLoaded (2ms)
		ExecutionOrderSort2 (0ms)
		AwakeInstancesAfterBackupRestoration (128ms)
Refreshing native plugins compatible for Editor in 22.79 ms, found 4 plugins.
Preloading 0 native plugins for Editor in 0.00 ms.
Unloading 13 Unused Serialized files (Serialized files now loaded: 0)
Unloading 6981 unused Assets / (7.5 MB). Loaded Objects now: 7748.
Memory consumption went from 151.5 MB to 144.0 MB.
Total: 138.561500 ms (FindLiveObjects: 6.054800 ms CreateObjectMapping: 21.009700 ms MarkObjects: 58.142900 ms  DeleteObjects: 53.348100 ms)

Prepare: number of updated asset objects reloaded= 0
